<?xml version="1.0" encoding="UTF-8"?>
<!-- Generated by org.testng.reporters.JUnitReportReporter -->
<testsuite hostname="C02X90AFH7VF.local" failures="0" tests="2" name="com.qa.testRunners.MyTestNGTestRunner" time="54.562" errors="0" timestamp="2023-03-31T09:59:07 MYT" skipped="0">
  <testcase classname="com.qa.testRunners.MyTestNGTestRunner" name="runScenario" time="17.312"/>
  <system-out/>
  <testcase classname="com.qa.testRunners.MyTestNGTestRunner" name="runScenario" time="37.250"/>
  <system-out/>
</testsuite> <!-- com.qa.testRunners.MyTestNGTestRunner -->
